<?xml version="1.0" encoding="UTF-8"?>
<!-- Generated by org.testng.reporters.JUnitXMLReporter -->
<testsuite hostname="192-168-1-104.tpgi.com.au" ignored="0" name="Test" tests="1" failures="0" timestamp="2019-11-18T11:00:50 AEDT" time="0.3" errors="0">
  <testcase name="@BeforeTest SetDriver" time="0.23" classname="com.automationTest.AddToWishListTestCase">
    <failure type="java.lang.IllegalStateException" message="The driver executable does not exist: /Users/sourabhbansal/eclipse-workspace/AKQA Test Automation/WebdriverTest/resources/chromedriver">
      <![CDATA[java.lang.IllegalStateException: The driver executable does not exist: /Users/sourabhbansal/eclipse-workspace/AKQA Test Automation/WebdriverTest/resources/chromedriver
at com.google.common.base.Preconditions.checkState(Preconditions.java:197)
at org.openqa.selenium.remote.service.DriverService.checkExecutable(DriverService.java:122)
at org.openqa.selenium.remote.service.DriverService.findExecutable(DriverService.java:117)
at org.openqa.selenium.chrome.ChromeDriverService.access$000(ChromeDriverService.java:32)
at org.openqa.selenium.chrome.ChromeDriverService$Builder.findDefaultExecutable(ChromeDriverService.java:118)
at org.openqa.selenium.remote.service.DriverService$Builder.build(DriverService.java:291)
at org.openqa.selenium.chrome.ChromeDriverService.createDefaultService(ChromeDriverService.java:82)
at org.openqa.selenium.chrome.ChromeDriver.<init>(ChromeDriver.java:117)
at com.automationTest.AddToWishListTestCase.SetDriver(AddToWishListTestCase.java:29)
... Removed 24 stack frames]]>
    </failure>
  </testcase> <!-- @BeforeTest SetDriver -->
  <testcase name="@AfterTest afterTest" time="-1.574035250458E9" classname="com.automationTest.AddToWishListTestCase">
    <skipped/>
  </testcase> <!-- @AfterTest afterTest -->
  <testcase name="addToWishlist" time="0.0" classname="com.automationTest.AddToWishListTestCase">
    <skipped/>
  </testcase> <!-- addToWishlist -->
</testsuite> <!-- Test -->
